<?xml version="1.0" encoding="UTF-8"?>
<testsuite name="com.moodanalyser.MoodAnalyserTest" tests="1" skipped="0" failures="0" errors="0" timestamp="2023-01-12T12:20:06" hostname="DESKTOP-L1PP3RF" time="0.006">
  <properties/>
  <testcase name="GivenNullMoodShouldReturnHappy" classname="com.moodanalyser.MoodAnalyserTest" time="0.006"/>
  <system-out><![CDATA[]]></system-out>
  <system-err><![CDATA[]]></system-err>
</testsuite>
