<?xml version="1.0" encoding="UTF-8"?>
<testsuite name="com.moodanalyser.MoodAnalyserTest" tests="2" skipped="0" failures="0" errors="0" timestamp="2023-01-12T06:30:18" hostname="DESKTOP-L1PP3RF" time="0.005">
  <properties/>
  <testcase name="given_messageWhenSadShouldReturnSad" classname="com.moodanalyser.MoodAnalyserTest" time="0.005"/>
  <testcase name="given_messageWhenHappyShouldReturnHappy" classname="com.moodanalyser.MoodAnalyserTest" time="0.0"/>
  <system-out><![CDATA[]]></system-out>
  <system-err><![CDATA[]]></system-err>
</testsuite>
