<?xml version="1.0" encoding="UTF-8"?>
<testsuite name="com.moodanalyser.MoodAnalyserTest" tests="4" skipped="0" failures="0" errors="0" timestamp="2023-01-13T15:02:58" hostname="DESKTOP-L1PP3RF" time="0.011">
  <properties/>
  <testcase name="given_messageWhenSadShouldReturnSad" classname="com.moodanalyser.MoodAnalyserTest" time="0.008"/>
  <testcase name="GivenEmptyMoodShouldReturnMessage" classname="com.moodanalyser.MoodAnalyserTest" time="0.0"/>
  <testcase name="given_messageWhenHappyShouldReturnHappy" classname="com.moodanalyser.MoodAnalyserTest" time="0.0"/>
  <testcase name="GivenNullMoodShouldReturnMessage" classname="com.moodanalyser.MoodAnalyserTest" time="0.001"/>
  <system-out><![CDATA[]]></system-out>
  <system-err><![CDATA[]]></system-err>
</testsuite>
